<?xml version="1.0" encoding="UTF-8"?>
<testng-results ignored="0" total="2" passed="2" failed="0" skipped="0">
  <reporter-output>
  </reporter-output>
  <suite started-at="2025-08-21T16:03:52 IST" name="Default suite" finished-at="2025-08-21T16:04:03 IST" duration-ms="11458">
    <groups>
      <group name="cucumber">
        <method signature="AbstractTestNGCucumberTests.runScenario(io.cucumber.testng.PickleWrapper,io.cucumber.testng.FeatureWrapper)[pri:0, instance:runner.TestRunner1@55b0dcab]" name="runScenario" class="io.cucumber.testng.AbstractTestNGCucumberTests"/>
      </group> <!-- cucumber -->
    </groups>
    <test started-at="2025-08-21T16:03:52 IST" name="Default test" finished-at="2025-08-21T16:04:03 IST" duration-ms="11458">
      <class name="runner.TestRunner1">
        <test-method is-config="true" signature="setUpClass(org.testng.ITestContext)[pri:0, instance:runner.TestRunner1@55b0dcab]" started-at="2025-08-21T16:03:52 IST" name="setUpClass" finished-at="2025-08-21T16:03:52 IST" duration-ms="550" status="PASS">
          <params>
            <param index="0">
              <value>
                <![CDATA[org.testng.TestRunner@5d5b5fa7]]>
              </value>
            </param>
          </params>
          <reporter-output>
          </reporter-output>
        </test-method> <!-- setUpClass -->
        <test-method signature="runScenario(io.cucumber.testng.PickleWrapper,io.cucumber.testng.FeatureWrapper)[pri:0, instance:runner.TestRunner1@55b0dcab]" started-at="2025-08-21T16:03:52 IST" name="runScenario" description="Runs Cucumber Scenarios" data-provider="scenarios" finished-at="2025-08-21T16:03:58 IST" duration-ms="6116" status="PASS">
          <params>
            <param index="0">
              <value>
                <![CDATA["Successful Product Search"]]>
              </value>
            </param>
            <param index="1">
              <value>
                <![CDATA["Flipkart Search Functionality"]]>
              </value>
            </param>
          </params>
          <reporter-output>
          </reporter-output>
        </test-method> <!-- runScenario -->
        <test-method signature="runScenario(io.cucumber.testng.PickleWrapper,io.cucumber.testng.FeatureWrapper)[pri:0, instance:runner.TestRunner1@55b0dcab]" started-at="2025-08-21T16:03:58 IST" name="runScenario" description="Runs Cucumber Scenarios" data-provider="scenarios" finished-at="2025-08-21T16:04:03 IST" duration-ms="4730" status="PASS">
          <params>
            <param index="0">
              <value>
                <![CDATA["Invalid Product Search"]]>
              </value>
            </param>
            <param index="1">
              <value>
                <![CDATA["Flipkart Search Functionality"]]>
              </value>
            </param>
          </params>
          <reporter-output>
          </reporter-output>
        </test-method> <!-- runScenario -->
        <test-method is-config="true" signature="tearDownClass()[pri:0, instance:runner.TestRunner1@55b0dcab]" started-at="2025-08-21T16:04:03 IST" name="tearDownClass" finished-at="2025-08-21T16:04:03 IST" duration-ms="18" status="PASS">
          <reporter-output>
          </reporter-output>
        </test-method> <!-- tearDownClass -->
      </class> <!-- runner.TestRunner1 -->
    </test> <!-- Default test -->
  </suite> <!-- Default suite -->
</testng-results>
