<?xml version="1.0" encoding="UTF-8"?>
<!-- Generated by org.testng.reporters.JUnitXMLReporter -->
<testsuite ignored="0" hostname="LAPTOP-DRFIMEHR" failures="0" tests="38" name="Default test" time="41.364" errors="0" timestamp="2025-09-08T12:07:05 IST">
  <testcase classname="tests.BagistoStepByStepTest" name="openAdminPanel" time="3.462"/>
  <testcase classname="tests.BagistoStepByStepTest" name="enterEmail" time="0.189"/>
  <testcase classname="tests.BagistoStepByStepTest" name="enterPassword" time="0.144"/>
  <testcase classname="tests.BagistoStepByStepTest" name="clickSignIn" time="0.118"/>
  <testcase classname="tests.BagistoStepByStepTest" name="enableDarkMode" time="3.021"/>
  <testcase classname="tests.BagistoStepByStepTest" name="openCalendar" time="0.06"/>
  <testcase classname="tests.BagistoStepByStepTest" name="selectToday" time="0.145"/>
  <testcase classname="tests.BagistoStepByStepTest" name="openNotifications" time="0.197"/>
  <testcase classname="tests.BagistoStepByStepTest" name="clickViewAllNotifications" time="2.433"/>
  <testcase classname="tests.BagistoStepByStepTest" name="searchCustomer" time="3.114"/>
  <testcase classname="tests.BagistoStepByStepTest" name="clickCustomersDiv" time="0.063"/>
  <testcase classname="tests.BagistoStepByStepTest" name="waitForSearchResults" time="0.025"/>
  <testcase classname="tests.BagistoStepByStepTest" name="clickFirstSearchResult" time="2.629"/>
  <testcase classname="tests.BagistoStepByStepTest" name="waitForDeleteIcon" time="0.059"/>
  <testcase classname="tests.BagistoStepByStepTest" name="clickDeleteIcon" time="0.153"/>
  <testcase classname="tests.BagistoStepByStepTest" name="waitForAgreeBtn" time="0.045"/>
  <testcase classname="tests.BagistoStepByStepTest" name="clickAgreeBtn" time="0.117"/>
  <testcase classname="tests.BagistoStepByStepTest" name="goToCustomersMenu" time="4.239"/>
  <testcase classname="tests.BagistoStepByStepTest" name="clickCustomersSubMenu" time="2.028"/>
  <testcase classname="tests.BagistoStepByStepTest" name="clickCreateCustomerBtn" time="0.138"/>
  <testcase classname="tests.BagistoStepByStepTest" name="enterFirstName" time="0.1"/>
  <testcase classname="tests.BagistoStepByStepTest" name="enterLastName" time="0.099"/>
  <testcase classname="tests.BagistoStepByStepTest" name="enterCustomerEmail" time="0.109"/>
  <testcase classname="tests.BagistoStepByStepTest" name="selectGender" time="0.136"/>
  <testcase classname="tests.BagistoStepByStepTest" name="clickSaveCustomerBtn" time="4.113"/>
  <testcase classname="tests.BagistoStepByStepTest" name="clickNewCustomerLogin" time="0.193"/>
  <testcase classname="tests.BagistoStepByStepTest" name="clickAddress" time="5.372"/>
  <testcase classname="tests.BagistoStepByStepTest" name="clickAddAddressBtn" time="2.82"/>
  <testcase classname="tests.BagistoStepByStepTest" name="enterAddressFirstName" time="0.095"/>
  <testcase classname="tests.BagistoStepByStepTest" name="enterAddressLastName" time="0.118"/>
  <testcase classname="tests.BagistoStepByStepTest" name="enterAddressEmail" time="0.164"/>
  <testcase classname="tests.BagistoStepByStepTest" name="enterStreetAddress" time="0.118"/>
  <testcase classname="tests.BagistoStepByStepTest" name="selectCountry" time="0.118"/>
  <testcase classname="tests.BagistoStepByStepTest" name="selectState" time="0.113"/>
  <testcase classname="tests.BagistoStepByStepTest" name="enterCity" time="0.103"/>
  <testcase classname="tests.BagistoStepByStepTest" name="enterPostCode" time="0.106"/>
  <testcase classname="tests.BagistoStepByStepTest" name="enterPhone" time="0.101"/>
  <testcase classname="tests.BagistoStepByStepTest" name="clickSaveAddressBtn" time="2.445"/>
</testsuite> <!-- Default test -->
